2022-11-23 23:00:20,717 [http-nio-8080-exec-1] INFO  org.springframework.web.servlet.DispatcherServlet(initServletBean:525) - Initializing Servlet 'dispatcherServlet'
2022-11-23 23:00:20,727 [http-nio-8080-exec-1] INFO  org.springframework.web.servlet.DispatcherServlet(initServletBean:547) - Completed initialization in 3 ms
2022-11-23 23:02:18,476 [Thread-198] INFO  org.springframework.orm.jpa.LocalContainerEntityManagerFactoryBean(destroy:651) - Closing JPA EntityManagerFactory for persistence unit 'default'
2022-11-23 23:02:18,585 [restartedMain] ERROR org.springframework.boot.context.logging.LoggingApplicationListener(lambda$getLogLevelConfigurer$2:396) - Cannot set level 'INFO' for 'null'
2022-11-23 23:02:18,807 [restartedMain] INFO  org.springframework.data.repository.config.RepositoryConfigurationDelegate(registerRepositoriesIn:132) - Bootstrapping Spring Data JPA repositories in DEFAULT mode.
2022-11-23 23:02:18,811 [restartedMain] INFO  org.springframework.data.repository.config.RepositoryConfigurationDelegate(registerRepositoriesIn:201) - Finished Spring Data repository scanning in 3 ms. Found 0 JPA repository interfaces.
2022-11-23 23:02:18,904 [restartedMain] INFO  org.springframework.boot.web.embedded.tomcat.TomcatWebServer(initialize:108) - Tomcat initialized with port(s): 8080 (http)
2022-11-23 23:02:18,930 [restartedMain] INFO  org.springframework.boot.web.servlet.context.ServletWebServerApplicationContext(prepareWebApplicationContext:290) - Root WebApplicationContext: initialization completed in 339 ms
2022-11-23 23:02:18,985 [restartedMain] INFO  org.springframework.orm.jpa.LocalContainerEntityManagerFactoryBean(buildNativeEntityManagerFactory:437) - Initialized JPA EntityManagerFactory for persistence unit 'default'
2022-11-23 23:02:19,108 [restartedMain] WARN  org.springframework.boot.autoconfigure.thymeleaf.ThymeleafAutoConfiguration$DefaultTemplateResolverConfiguration(checkTemplateLocationExists:106) - Cannot find template location: classpath:/templates/ (please add some templates or check your Thymeleaf configuration)
2022-11-23 23:02:19,153 [restartedMain] INFO  org.springframework.boot.devtools.autoconfigure.OptionalLiveReloadServer(startServer:58) - LiveReload server is running on port 35729
2022-11-23 23:02:19,166 [restartedMain] INFO  org.springframework.boot.web.embedded.tomcat.TomcatWebServer(start:220) - Tomcat started on port(s): 8080 (http) with context path ''
2022-11-23 23:02:19,171 [restartedMain] INFO  org.springframework.boot.devtools.autoconfigure.ConditionEvaluationDeltaLoggingListener(onApplicationEvent:63) - Condition evaluation unchanged
2022-11-23 23:02:50,314 [Thread-205] INFO  org.springframework.orm.jpa.LocalContainerEntityManagerFactoryBean(destroy:651) - Closing JPA EntityManagerFactory for persistence unit 'default'
2022-11-23 23:02:50,416 [restartedMain] ERROR org.springframework.boot.context.logging.LoggingApplicationListener(lambda$getLogLevelConfigurer$2:396) - Cannot set level 'INFO' for 'null'
2022-11-23 23:02:50,688 [restartedMain] INFO  org.springframework.data.repository.config.RepositoryConfigurationDelegate(registerRepositoriesIn:132) - Bootstrapping Spring Data JPA repositories in DEFAULT mode.
2022-11-23 23:02:50,692 [restartedMain] INFO  org.springframework.data.repository.config.RepositoryConfigurationDelegate(registerRepositoriesIn:201) - Finished Spring Data repository scanning in 3 ms. Found 0 JPA repository interfaces.
2022-11-23 23:02:50,803 [restartedMain] INFO  org.springframework.boot.web.embedded.tomcat.TomcatWebServer(initialize:108) - Tomcat initialized with port(s): 8080 (http)
2022-11-23 23:02:50,829 [restartedMain] INFO  org.springframework.boot.web.servlet.context.ServletWebServerApplicationContext(prepareWebApplicationContext:290) - Root WebApplicationContext: initialization completed in 409 ms
2022-11-23 23:02:50,892 [restartedMain] INFO  org.springframework.orm.jpa.LocalContainerEntityManagerFactoryBean(buildNativeEntityManagerFactory:437) - Initialized JPA EntityManagerFactory for persistence unit 'default'
2022-11-23 23:02:51,028 [restartedMain] WARN  org.springframework.boot.autoconfigure.thymeleaf.ThymeleafAutoConfiguration$DefaultTemplateResolverConfiguration(checkTemplateLocationExists:106) - Cannot find template location: classpath:/templates/ (please add some templates or check your Thymeleaf configuration)
2022-11-23 23:02:51,078 [restartedMain] INFO  org.springframework.boot.devtools.autoconfigure.OptionalLiveReloadServer(startServer:58) - LiveReload server is running on port 35729
2022-11-23 23:02:51,095 [restartedMain] INFO  org.springframework.boot.web.embedded.tomcat.TomcatWebServer(start:220) - Tomcat started on port(s): 8080 (http) with context path ''
2022-11-23 23:02:51,102 [restartedMain] INFO  org.springframework.boot.devtools.autoconfigure.ConditionEvaluationDeltaLoggingListener(onApplicationEvent:63) - Condition evaluation unchanged
2022-11-23 23:04:37,494 [http-nio-8080-exec-1] INFO  org.springframework.web.servlet.DispatcherServlet(initServletBean:525) - Initializing Servlet 'dispatcherServlet'
2022-11-23 23:04:37,497 [http-nio-8080-exec-1] INFO  org.springframework.web.servlet.DispatcherServlet(initServletBean:547) - Completed initialization in 2 ms
2022-11-23 23:07:58,432 [Thread-209] INFO  org.springframework.orm.jpa.LocalContainerEntityManagerFactoryBean(destroy:651) - Closing JPA EntityManagerFactory for persistence unit 'default'
2022-11-23 23:07:58,584 [restartedMain] ERROR org.springframework.boot.context.logging.LoggingApplicationListener(lambda$getLogLevelConfigurer$2:396) - Cannot set level 'INFO' for 'null'
2022-11-23 23:07:58,847 [restartedMain] INFO  org.springframework.data.repository.config.RepositoryConfigurationDelegate(registerRepositoriesIn:132) - Bootstrapping Spring Data JPA repositories in DEFAULT mode.
2022-11-23 23:07:58,850 [restartedMain] INFO  org.springframework.data.repository.config.RepositoryConfigurationDelegate(registerRepositoriesIn:201) - Finished Spring Data repository scanning in 3 ms. Found 0 JPA repository interfaces.
2022-11-23 23:07:58,975 [restartedMain] INFO  org.springframework.boot.web.embedded.tomcat.TomcatWebServer(initialize:108) - Tomcat initialized with port(s): 8080 (http)
2022-11-23 23:07:58,999 [restartedMain] INFO  org.springframework.boot.web.servlet.context.ServletWebServerApplicationContext(prepareWebApplicationContext:290) - Root WebApplicationContext: initialization completed in 410 ms
2022-11-23 23:07:59,062 [restartedMain] INFO  org.springframework.orm.jpa.LocalContainerEntityManagerFactoryBean(buildNativeEntityManagerFactory:437) - Initialized JPA EntityManagerFactory for persistence unit 'default'
2022-11-23 23:07:59,204 [restartedMain] WARN  org.springframework.boot.autoconfigure.thymeleaf.ThymeleafAutoConfiguration$DefaultTemplateResolverConfiguration(checkTemplateLocationExists:106) - Cannot find template location: classpath:/templates/ (please add some templates or check your Thymeleaf configuration)
2022-11-23 23:07:59,268 [restartedMain] INFO  org.springframework.boot.devtools.autoconfigure.OptionalLiveReloadServer(startServer:58) - LiveReload server is running on port 35729
2022-11-23 23:07:59,285 [restartedMain] INFO  org.springframework.boot.web.embedded.tomcat.TomcatWebServer(start:220) - Tomcat started on port(s): 8080 (http) with context path ''
2022-11-23 23:07:59,294 [restartedMain] INFO  org.springframework.boot.devtools.autoconfigure.ConditionEvaluationDeltaLoggingListener(onApplicationEvent:63) - Condition evaluation unchanged
2022-11-23 23:08:55,978 [http-nio-8080-exec-1] INFO  org.springframework.web.servlet.DispatcherServlet(initServletBean:525) - Initializing Servlet 'dispatcherServlet'
2022-11-23 23:08:55,979 [http-nio-8080-exec-1] INFO  org.springframework.web.servlet.DispatcherServlet(initServletBean:547) - Completed initialization in 1 ms
