2022-11-23 21:08:48,259 [Thread-5] INFO  org.springframework.orm.jpa.LocalContainerEntityManagerFactoryBean(destroy:651) - Closing JPA EntityManagerFactory for persistence unit 'default'
2022-11-23 21:08:48,507 [restartedMain] ERROR org.springframework.boot.context.logging.LoggingApplicationListener(lambda$getLogLevelConfigurer$2:396) - Cannot set level 'INFO' for 'null'
2022-11-23 21:08:48,912 [restartedMain] INFO  org.springframework.data.repository.config.RepositoryConfigurationDelegate(registerRepositoriesIn:132) - Bootstrapping Spring Data JPA repositories in DEFAULT mode.
2022-11-23 21:08:48,917 [restartedMain] INFO  org.springframework.data.repository.config.RepositoryConfigurationDelegate(registerRepositoriesIn:201) - Finished Spring Data repository scanning in 3 ms. Found 0 JPA repository interfaces.
2022-11-23 21:08:49,118 [restartedMain] INFO  org.springframework.boot.web.embedded.tomcat.TomcatWebServer(initialize:108) - Tomcat initialized with port(s): 8080 (http)
2022-11-23 21:08:49,155 [restartedMain] INFO  org.springframework.boot.web.servlet.context.ServletWebServerApplicationContext(prepareWebApplicationContext:290) - Root WebApplicationContext: initialization completed in 636 ms
2022-11-23 21:08:49,253 [restartedMain] INFO  org.springframework.orm.jpa.LocalContainerEntityManagerFactoryBean(buildNativeEntityManagerFactory:437) - Initialized JPA EntityManagerFactory for persistence unit 'default'
2022-11-23 21:08:49,440 [restartedMain] WARN  org.springframework.boot.autoconfigure.thymeleaf.ThymeleafAutoConfiguration$DefaultTemplateResolverConfiguration(checkTemplateLocationExists:106) - Cannot find template location: classpath:/templates/ (please add some templates or check your Thymeleaf configuration)
2022-11-23 21:08:49,505 [restartedMain] INFO  org.springframework.boot.devtools.autoconfigure.OptionalLiveReloadServer(startServer:58) - LiveReload server is running on port 35729
2022-11-23 21:08:49,524 [restartedMain] INFO  org.springframework.boot.web.embedded.tomcat.TomcatWebServer(start:220) - Tomcat started on port(s): 8080 (http) with context path ''
2022-11-23 21:08:49,532 [restartedMain] INFO  org.springframework.boot.devtools.autoconfigure.ConditionEvaluationDeltaLoggingListener(onApplicationEvent:63) - Condition evaluation unchanged
2022-11-23 21:14:57,557 [Thread-7] INFO  org.springframework.orm.jpa.LocalContainerEntityManagerFactoryBean(destroy:651) - Closing JPA EntityManagerFactory for persistence unit 'default'
2022-11-23 21:14:57,788 [restartedMain] ERROR org.springframework.boot.context.logging.LoggingApplicationListener(lambda$getLogLevelConfigurer$2:396) - Cannot set level 'INFO' for 'null'
2022-11-23 21:14:58,086 [restartedMain] INFO  org.springframework.data.repository.config.RepositoryConfigurationDelegate(registerRepositoriesIn:132) - Bootstrapping Spring Data JPA repositories in DEFAULT mode.
2022-11-23 21:14:58,091 [restartedMain] INFO  org.springframework.data.repository.config.RepositoryConfigurationDelegate(registerRepositoriesIn:201) - Finished Spring Data repository scanning in 3 ms. Found 0 JPA repository interfaces.
2022-11-23 21:14:58,246 [restartedMain] INFO  org.springframework.boot.web.embedded.tomcat.TomcatWebServer(initialize:108) - Tomcat initialized with port(s): 8080 (http)
2022-11-23 21:14:58,279 [restartedMain] INFO  org.springframework.boot.web.servlet.context.ServletWebServerApplicationContext(prepareWebApplicationContext:290) - Root WebApplicationContext: initialization completed in 483 ms
2022-11-23 21:14:58,357 [restartedMain] INFO  org.springframework.orm.jpa.LocalContainerEntityManagerFactoryBean(buildNativeEntityManagerFactory:437) - Initialized JPA EntityManagerFactory for persistence unit 'default'
2022-11-23 21:14:58,526 [restartedMain] WARN  org.springframework.boot.autoconfigure.thymeleaf.ThymeleafAutoConfiguration$DefaultTemplateResolverConfiguration(checkTemplateLocationExists:106) - Cannot find template location: classpath:/templates/ (please add some templates or check your Thymeleaf configuration)
2022-11-23 21:14:58,585 [restartedMain] INFO  org.springframework.boot.devtools.autoconfigure.OptionalLiveReloadServer(startServer:58) - LiveReload server is running on port 35729
2022-11-23 21:14:58,602 [restartedMain] INFO  org.springframework.boot.web.embedded.tomcat.TomcatWebServer(start:220) - Tomcat started on port(s): 8080 (http) with context path ''
2022-11-23 21:14:58,610 [restartedMain] INFO  org.springframework.boot.devtools.autoconfigure.ConditionEvaluationDeltaLoggingListener(onApplicationEvent:63) - Condition evaluation unchanged
2022-11-23 21:16:38,848 [Thread-11] INFO  org.springframework.orm.jpa.LocalContainerEntityManagerFactoryBean(destroy:651) - Closing JPA EntityManagerFactory for persistence unit 'default'
2022-11-23 21:16:38,955 [restartedMain] ERROR org.springframework.boot.context.logging.LoggingApplicationListener(lambda$getLogLevelConfigurer$2:396) - Cannot set level 'INFO' for 'null'
2022-11-23 21:16:39,220 [restartedMain] INFO  org.springframework.data.repository.config.RepositoryConfigurationDelegate(registerRepositoriesIn:132) - Bootstrapping Spring Data JPA repositories in DEFAULT mode.
2022-11-23 21:16:39,224 [restartedMain] INFO  org.springframework.data.repository.config.RepositoryConfigurationDelegate(registerRepositoriesIn:201) - Finished Spring Data repository scanning in 4 ms. Found 0 JPA repository interfaces.
2022-11-23 21:16:39,347 [restartedMain] INFO  org.springframework.boot.web.embedded.tomcat.TomcatWebServer(initialize:108) - Tomcat initialized with port(s): 8080 (http)
2022-11-23 21:16:39,393 [restartedMain] INFO  org.springframework.boot.web.servlet.context.ServletWebServerApplicationContext(prepareWebApplicationContext:290) - Root WebApplicationContext: initialization completed in 431 ms
2022-11-23 21:16:39,474 [restartedMain] INFO  org.springframework.orm.jpa.LocalContainerEntityManagerFactoryBean(buildNativeEntityManagerFactory:437) - Initialized JPA EntityManagerFactory for persistence unit 'default'
2022-11-23 21:16:39,660 [restartedMain] WARN  org.springframework.boot.autoconfigure.thymeleaf.ThymeleafAutoConfiguration$DefaultTemplateResolverConfiguration(checkTemplateLocationExists:106) - Cannot find template location: classpath:/templates/ (please add some templates or check your Thymeleaf configuration)
2022-11-23 21:16:39,713 [restartedMain] INFO  org.springframework.boot.devtools.autoconfigure.OptionalLiveReloadServer(startServer:58) - LiveReload server is running on port 35729
2022-11-23 21:16:39,731 [restartedMain] INFO  org.springframework.boot.web.embedded.tomcat.TomcatWebServer(start:220) - Tomcat started on port(s): 8080 (http) with context path ''
2022-11-23 21:16:39,740 [restartedMain] INFO  org.springframework.boot.devtools.autoconfigure.ConditionEvaluationDeltaLoggingListener(onApplicationEvent:63) - Condition evaluation unchanged
2022-11-23 21:17:41,130 [Thread-15] INFO  org.springframework.orm.jpa.LocalContainerEntityManagerFactoryBean(destroy:651) - Closing JPA EntityManagerFactory for persistence unit 'default'
2022-11-23 21:17:41,246 [restartedMain] ERROR org.springframework.boot.context.logging.LoggingApplicationListener(lambda$getLogLevelConfigurer$2:396) - Cannot set level 'INFO' for 'null'
2022-11-23 21:17:41,483 [restartedMain] INFO  org.springframework.data.repository.config.RepositoryConfigurationDelegate(registerRepositoriesIn:132) - Bootstrapping Spring Data JPA repositories in DEFAULT mode.
2022-11-23 21:17:41,487 [restartedMain] INFO  org.springframework.data.repository.config.RepositoryConfigurationDelegate(registerRepositoriesIn:201) - Finished Spring Data repository scanning in 3 ms. Found 0 JPA repository interfaces.
2022-11-23 21:17:41,607 [restartedMain] INFO  org.springframework.boot.web.embedded.tomcat.TomcatWebServer(initialize:108) - Tomcat initialized with port(s): 8080 (http)
2022-11-23 21:17:41,654 [restartedMain] INFO  org.springframework.boot.web.servlet.context.ServletWebServerApplicationContext(prepareWebApplicationContext:290) - Root WebApplicationContext: initialization completed in 400 ms
2022-11-23 21:17:41,720 [restartedMain] INFO  org.springframework.orm.jpa.LocalContainerEntityManagerFactoryBean(buildNativeEntityManagerFactory:437) - Initialized JPA EntityManagerFactory for persistence unit 'default'
2022-11-23 21:17:41,886 [restartedMain] WARN  org.springframework.boot.autoconfigure.thymeleaf.ThymeleafAutoConfiguration$DefaultTemplateResolverConfiguration(checkTemplateLocationExists:106) - Cannot find template location: classpath:/templates/ (please add some templates or check your Thymeleaf configuration)
2022-11-23 21:17:41,940 [restartedMain] INFO  org.springframework.boot.devtools.autoconfigure.OptionalLiveReloadServer(startServer:58) - LiveReload server is running on port 35729
2022-11-23 21:17:41,960 [restartedMain] INFO  org.springframework.boot.web.embedded.tomcat.TomcatWebServer(start:220) - Tomcat started on port(s): 8080 (http) with context path ''
2022-11-23 21:17:41,970 [restartedMain] INFO  org.springframework.boot.devtools.autoconfigure.ConditionEvaluationDeltaLoggingListener(onApplicationEvent:63) - Condition evaluation unchanged
2022-11-23 21:18:05,930 [Thread-19] INFO  org.springframework.orm.jpa.LocalContainerEntityManagerFactoryBean(destroy:651) - Closing JPA EntityManagerFactory for persistence unit 'default'
2022-11-23 21:18:06,042 [restartedMain] ERROR org.springframework.boot.context.logging.LoggingApplicationListener(lambda$getLogLevelConfigurer$2:396) - Cannot set level 'INFO' for 'null'
2022-11-23 21:18:06,312 [restartedMain] INFO  org.springframework.data.repository.config.RepositoryConfigurationDelegate(registerRepositoriesIn:132) - Bootstrapping Spring Data JPA repositories in DEFAULT mode.
2022-11-23 21:18:06,316 [restartedMain] INFO  org.springframework.data.repository.config.RepositoryConfigurationDelegate(registerRepositoriesIn:201) - Finished Spring Data repository scanning in 3 ms. Found 0 JPA repository interfaces.
2022-11-23 21:18:06,436 [restartedMain] INFO  org.springframework.boot.web.embedded.tomcat.TomcatWebServer(initialize:108) - Tomcat initialized with port(s): 8080 (http)
2022-11-23 21:18:06,467 [restartedMain] INFO  org.springframework.boot.web.servlet.context.ServletWebServerApplicationContext(prepareWebApplicationContext:290) - Root WebApplicationContext: initialization completed in 415 ms
2022-11-23 21:18:06,524 [restartedMain] INFO  org.springframework.orm.jpa.LocalContainerEntityManagerFactoryBean(buildNativeEntityManagerFactory:437) - Initialized JPA EntityManagerFactory for persistence unit 'default'
2022-11-23 21:18:06,673 [restartedMain] WARN  org.springframework.boot.autoconfigure.thymeleaf.ThymeleafAutoConfiguration$DefaultTemplateResolverConfiguration(checkTemplateLocationExists:106) - Cannot find template location: classpath:/templates/ (please add some templates or check your Thymeleaf configuration)
2022-11-23 21:18:06,722 [restartedMain] INFO  org.springframework.boot.devtools.autoconfigure.OptionalLiveReloadServer(startServer:58) - LiveReload server is running on port 35729
2022-11-23 21:18:06,736 [restartedMain] INFO  org.springframework.boot.web.embedded.tomcat.TomcatWebServer(start:220) - Tomcat started on port(s): 8080 (http) with context path ''
2022-11-23 21:18:06,747 [restartedMain] INFO  org.springframework.boot.devtools.autoconfigure.ConditionEvaluationDeltaLoggingListener(onApplicationEvent:63) - Condition evaluation unchanged
2022-11-23 21:18:14,218 [http-nio-8080-exec-2] INFO  org.springframework.web.servlet.DispatcherServlet(initServletBean:525) - Initializing Servlet 'dispatcherServlet'
2022-11-23 21:18:14,219 [http-nio-8080-exec-2] INFO  org.springframework.web.servlet.DispatcherServlet(initServletBean:547) - Completed initialization in 1 ms
2022-11-23 21:18:14,236 [http-nio-8080-exec-2] WARN  org.springframework.web.servlet.mvc.support.DefaultHandlerExceptionResolver(logException:208) - Resolved [org.springframework.http.converter.HttpMessageNotReadableException: Required request body is missing: public void com.board.controller.TransferController.tokenTest(java.lang.String,java.lang.String)]
2022-11-23 21:18:44,051 [Thread-23] INFO  org.springframework.orm.jpa.LocalContainerEntityManagerFactoryBean(destroy:651) - Closing JPA EntityManagerFactory for persistence unit 'default'
2022-11-23 21:18:44,164 [restartedMain] ERROR org.springframework.boot.context.logging.LoggingApplicationListener(lambda$getLogLevelConfigurer$2:396) - Cannot set level 'INFO' for 'null'
2022-11-23 21:18:44,414 [restartedMain] INFO  org.springframework.data.repository.config.RepositoryConfigurationDelegate(registerRepositoriesIn:132) - Bootstrapping Spring Data JPA repositories in DEFAULT mode.
2022-11-23 21:18:44,418 [restartedMain] INFO  org.springframework.data.repository.config.RepositoryConfigurationDelegate(registerRepositoriesIn:201) - Finished Spring Data repository scanning in 3 ms. Found 0 JPA repository interfaces.
2022-11-23 21:18:44,532 [restartedMain] INFO  org.springframework.boot.web.embedded.tomcat.TomcatWebServer(initialize:108) - Tomcat initialized with port(s): 8080 (http)
2022-11-23 21:18:44,568 [restartedMain] INFO  org.springframework.boot.web.servlet.context.ServletWebServerApplicationContext(prepareWebApplicationContext:290) - Root WebApplicationContext: initialization completed in 396 ms
2022-11-23 21:18:44,636 [restartedMain] INFO  org.springframework.orm.jpa.LocalContainerEntityManagerFactoryBean(buildNativeEntityManagerFactory:437) - Initialized JPA EntityManagerFactory for persistence unit 'default'
2022-11-23 21:18:44,813 [restartedMain] WARN  org.springframework.boot.autoconfigure.thymeleaf.ThymeleafAutoConfiguration$DefaultTemplateResolverConfiguration(checkTemplateLocationExists:106) - Cannot find template location: classpath:/templates/ (please add some templates or check your Thymeleaf configuration)
2022-11-23 21:18:44,871 [restartedMain] INFO  org.springframework.boot.devtools.autoconfigure.OptionalLiveReloadServer(startServer:58) - LiveReload server is running on port 35729
2022-11-23 21:18:44,888 [restartedMain] INFO  org.springframework.boot.web.embedded.tomcat.TomcatWebServer(start:220) - Tomcat started on port(s): 8080 (http) with context path ''
2022-11-23 21:18:44,901 [restartedMain] INFO  org.springframework.boot.devtools.autoconfigure.ConditionEvaluationDeltaLoggingListener(onApplicationEvent:63) - Condition evaluation unchanged
2022-11-23 21:18:48,219 [http-nio-8080-exec-2] INFO  org.springframework.web.servlet.DispatcherServlet(initServletBean:525) - Initializing Servlet 'dispatcherServlet'
2022-11-23 21:18:48,220 [http-nio-8080-exec-2] INFO  org.springframework.web.servlet.DispatcherServlet(initServletBean:547) - Completed initialization in 1 ms
2022-11-23 21:19:03,717 [Thread-27] INFO  org.springframework.orm.jpa.LocalContainerEntityManagerFactoryBean(destroy:651) - Closing JPA EntityManagerFactory for persistence unit 'default'
2022-11-23 21:19:03,818 [restartedMain] ERROR org.springframework.boot.context.logging.LoggingApplicationListener(lambda$getLogLevelConfigurer$2:396) - Cannot set level 'INFO' for 'null'
2022-11-23 21:19:04,065 [restartedMain] INFO  org.springframework.data.repository.config.RepositoryConfigurationDelegate(registerRepositoriesIn:132) - Bootstrapping Spring Data JPA repositories in DEFAULT mode.
2022-11-23 21:19:04,069 [restartedMain] INFO  org.springframework.data.repository.config.RepositoryConfigurationDelegate(registerRepositoriesIn:201) - Finished Spring Data repository scanning in 3 ms. Found 0 JPA repository interfaces.
2022-11-23 21:19:04,185 [restartedMain] INFO  org.springframework.boot.web.embedded.tomcat.TomcatWebServer(initialize:108) - Tomcat initialized with port(s): 8080 (http)
2022-11-23 21:19:04,219 [restartedMain] INFO  org.springframework.boot.web.servlet.context.ServletWebServerApplicationContext(prepareWebApplicationContext:290) - Root WebApplicationContext: initialization completed in 395 ms
2022-11-23 21:19:04,272 [restartedMain] INFO  org.springframework.orm.jpa.LocalContainerEntityManagerFactoryBean(buildNativeEntityManagerFactory:437) - Initialized JPA EntityManagerFactory for persistence unit 'default'
2022-11-23 21:19:04,430 [restartedMain] WARN  org.springframework.boot.autoconfigure.thymeleaf.ThymeleafAutoConfiguration$DefaultTemplateResolverConfiguration(checkTemplateLocationExists:106) - Cannot find template location: classpath:/templates/ (please add some templates or check your Thymeleaf configuration)
2022-11-23 21:19:04,482 [restartedMain] INFO  org.springframework.boot.devtools.autoconfigure.OptionalLiveReloadServer(startServer:58) - LiveReload server is running on port 35729
2022-11-23 21:19:04,496 [restartedMain] INFO  org.springframework.boot.web.embedded.tomcat.TomcatWebServer(start:220) - Tomcat started on port(s): 8080 (http) with context path ''
2022-11-23 21:19:04,504 [restartedMain] INFO  org.springframework.boot.devtools.autoconfigure.ConditionEvaluationDeltaLoggingListener(onApplicationEvent:63) - Condition evaluation unchanged
2022-11-23 21:24:49,059 [Thread-31] INFO  org.springframework.orm.jpa.LocalContainerEntityManagerFactoryBean(destroy:651) - Closing JPA EntityManagerFactory for persistence unit 'default'
2022-11-23 21:24:49,161 [restartedMain] ERROR org.springframework.boot.context.logging.LoggingApplicationListener(lambda$getLogLevelConfigurer$2:396) - Cannot set level 'INFO' for 'null'
2022-11-23 21:24:49,444 [restartedMain] INFO  org.springframework.data.repository.config.RepositoryConfigurationDelegate(registerRepositoriesIn:132) - Bootstrapping Spring Data JPA repositories in DEFAULT mode.
2022-11-23 21:24:49,447 [restartedMain] INFO  org.springframework.data.repository.config.RepositoryConfigurationDelegate(registerRepositoriesIn:201) - Finished Spring Data repository scanning in 3 ms. Found 0 JPA repository interfaces.
2022-11-23 21:24:49,562 [restartedMain] INFO  org.springframework.boot.web.embedded.tomcat.TomcatWebServer(initialize:108) - Tomcat initialized with port(s): 8080 (http)
2022-11-23 21:24:49,595 [restartedMain] INFO  org.springframework.boot.web.servlet.context.ServletWebServerApplicationContext(prepareWebApplicationContext:290) - Root WebApplicationContext: initialization completed in 428 ms
2022-11-23 21:24:49,656 [restartedMain] INFO  org.springframework.orm.jpa.LocalContainerEntityManagerFactoryBean(buildNativeEntityManagerFactory:437) - Initialized JPA EntityManagerFactory for persistence unit 'default'
2022-11-23 21:24:49,844 [restartedMain] WARN  org.springframework.boot.autoconfigure.thymeleaf.ThymeleafAutoConfiguration$DefaultTemplateResolverConfiguration(checkTemplateLocationExists:106) - Cannot find template location: classpath:/templates/ (please add some templates or check your Thymeleaf configuration)
2022-11-23 21:24:49,903 [restartedMain] INFO  org.springframework.boot.devtools.autoconfigure.OptionalLiveReloadServer(startServer:58) - LiveReload server is running on port 35729
2022-11-23 21:24:49,925 [restartedMain] INFO  org.springframework.boot.web.embedded.tomcat.TomcatWebServer(start:220) - Tomcat started on port(s): 8080 (http) with context path ''
2022-11-23 21:24:49,932 [restartedMain] INFO  org.springframework.boot.devtools.autoconfigure.ConditionEvaluationDeltaLoggingListener(onApplicationEvent:63) - Condition evaluation unchanged
2022-11-23 21:24:53,000 [http-nio-8080-exec-2] INFO  org.springframework.web.servlet.DispatcherServlet(initServletBean:525) - Initializing Servlet 'dispatcherServlet'
2022-11-23 21:24:53,001 [http-nio-8080-exec-2] INFO  org.springframework.web.servlet.DispatcherServlet(initServletBean:547) - Completed initialization in 1 ms
2022-11-23 21:24:53,022 [http-nio-8080-exec-2] WARN  org.springframework.web.servlet.mvc.support.DefaultHandlerExceptionResolver(logException:208) - Resolved [org.springframework.http.converter.HttpMessageNotReadableException: Required request body is missing: public void com.board.controller.TransferController.tokenTest(java.lang.String,com.board.domain.transfer.DepositRequestDTO)]
2022-11-23 21:28:35,138 [Thread-35] INFO  org.springframework.orm.jpa.LocalContainerEntityManagerFactoryBean(destroy:651) - Closing JPA EntityManagerFactory for persistence unit 'default'
2022-11-23 21:28:35,244 [restartedMain] ERROR org.springframework.boot.context.logging.LoggingApplicationListener(lambda$getLogLevelConfigurer$2:396) - Cannot set level 'INFO' for 'null'
2022-11-23 21:28:35,501 [restartedMain] INFO  org.springframework.data.repository.config.RepositoryConfigurationDelegate(registerRepositoriesIn:132) - Bootstrapping Spring Data JPA repositories in DEFAULT mode.
2022-11-23 21:28:35,505 [restartedMain] INFO  org.springframework.data.repository.config.RepositoryConfigurationDelegate(registerRepositoriesIn:201) - Finished Spring Data repository scanning in 3 ms. Found 0 JPA repository interfaces.
2022-11-23 21:28:35,636 [restartedMain] INFO  org.springframework.boot.web.embedded.tomcat.TomcatWebServer(initialize:108) - Tomcat initialized with port(s): 8080 (http)
2022-11-23 21:28:35,660 [restartedMain] INFO  org.springframework.boot.web.servlet.context.ServletWebServerApplicationContext(prepareWebApplicationContext:290) - Root WebApplicationContext: initialization completed in 411 ms
2022-11-23 21:28:35,723 [restartedMain] INFO  org.springframework.orm.jpa.LocalContainerEntityManagerFactoryBean(buildNativeEntityManagerFactory:437) - Initialized JPA EntityManagerFactory for persistence unit 'default'
2022-11-23 21:28:35,861 [restartedMain] WARN  org.springframework.boot.autoconfigure.thymeleaf.ThymeleafAutoConfiguration$DefaultTemplateResolverConfiguration(checkTemplateLocationExists:106) - Cannot find template location: classpath:/templates/ (please add some templates or check your Thymeleaf configuration)
2022-11-23 21:28:35,912 [restartedMain] INFO  org.springframework.boot.devtools.autoconfigure.OptionalLiveReloadServer(startServer:58) - LiveReload server is running on port 35729
2022-11-23 21:28:35,925 [restartedMain] INFO  org.springframework.boot.web.embedded.tomcat.TomcatWebServer(start:220) - Tomcat started on port(s): 8080 (http) with context path ''
2022-11-23 21:28:35,929 [restartedMain] INFO  org.springframework.boot.devtools.autoconfigure.ConditionEvaluationDeltaLoggingListener(onApplicationEvent:63) - Condition evaluation unchanged
2022-11-23 21:28:39,429 [Thread-39] INFO  org.springframework.orm.jpa.LocalContainerEntityManagerFactoryBean(destroy:651) - Closing JPA EntityManagerFactory for persistence unit 'default'
2022-11-23 21:28:39,534 [restartedMain] ERROR org.springframework.boot.context.logging.LoggingApplicationListener(lambda$getLogLevelConfigurer$2:396) - Cannot set level 'INFO' for 'null'
2022-11-23 21:28:39,812 [restartedMain] INFO  org.springframework.data.repository.config.RepositoryConfigurationDelegate(registerRepositoriesIn:132) - Bootstrapping Spring Data JPA repositories in DEFAULT mode.
2022-11-23 21:28:39,818 [restartedMain] INFO  org.springframework.data.repository.config.RepositoryConfigurationDelegate(registerRepositoriesIn:201) - Finished Spring Data repository scanning in 5 ms. Found 0 JPA repository interfaces.
2022-11-23 21:28:39,944 [restartedMain] INFO  org.springframework.boot.web.embedded.tomcat.TomcatWebServer(initialize:108) - Tomcat initialized with port(s): 8080 (http)
2022-11-23 21:28:39,981 [restartedMain] INFO  org.springframework.boot.web.servlet.context.ServletWebServerApplicationContext(prepareWebApplicationContext:290) - Root WebApplicationContext: initialization completed in 439 ms
2022-11-23 21:28:40,050 [restartedMain] INFO  org.springframework.orm.jpa.LocalContainerEntityManagerFactoryBean(buildNativeEntityManagerFactory:437) - Initialized JPA EntityManagerFactory for persistence unit 'default'
2022-11-23 21:28:40,211 [restartedMain] WARN  org.springframework.boot.autoconfigure.thymeleaf.ThymeleafAutoConfiguration$DefaultTemplateResolverConfiguration(checkTemplateLocationExists:106) - Cannot find template location: classpath:/templates/ (please add some templates or check your Thymeleaf configuration)
2022-11-23 21:28:40,267 [restartedMain] INFO  org.springframework.boot.devtools.autoconfigure.OptionalLiveReloadServer(startServer:58) - LiveReload server is running on port 35729
2022-11-23 21:28:40,284 [restartedMain] INFO  org.springframework.boot.web.embedded.tomcat.TomcatWebServer(start:220) - Tomcat started on port(s): 8080 (http) with context path ''
2022-11-23 21:28:40,293 [restartedMain] INFO  org.springframework.boot.devtools.autoconfigure.ConditionEvaluationDeltaLoggingListener(onApplicationEvent:63) - Condition evaluation unchanged
2022-11-23 21:28:41,843 [http-nio-8080-exec-2] INFO  org.springframework.web.servlet.DispatcherServlet(initServletBean:525) - Initializing Servlet 'dispatcherServlet'
2022-11-23 21:28:41,844 [http-nio-8080-exec-2] INFO  org.springframework.web.servlet.DispatcherServlet(initServletBean:547) - Completed initialization in 1 ms
2022-11-23 21:28:41,851 [http-nio-8080-exec-2] WARN  org.springframework.web.servlet.mvc.support.DefaultHandlerExceptionResolver(logException:208) - Resolved [org.springframework.http.converter.HttpMessageNotReadableException: Required request body is missing: public void com.board.controller.TransferController.tokenTest(java.lang.String,com.board.domain.transfer.DepositRequestDTO)]
2022-11-23 21:29:23,590 [Thread-43] INFO  org.springframework.orm.jpa.LocalContainerEntityManagerFactoryBean(destroy:651) - Closing JPA EntityManagerFactory for persistence unit 'default'
2022-11-23 21:29:23,689 [restartedMain] ERROR org.springframework.boot.context.logging.LoggingApplicationListener(lambda$getLogLevelConfigurer$2:396) - Cannot set level 'INFO' for 'null'
2022-11-23 21:29:23,883 [restartedMain] INFO  org.springframework.data.repository.config.RepositoryConfigurationDelegate(registerRepositoriesIn:132) - Bootstrapping Spring Data JPA repositories in DEFAULT mode.
2022-11-23 21:29:23,886 [restartedMain] INFO  org.springframework.data.repository.config.RepositoryConfigurationDelegate(registerRepositoriesIn:201) - Finished Spring Data repository scanning in 2 ms. Found 0 JPA repository interfaces.
2022-11-23 21:29:23,997 [restartedMain] INFO  org.springframework.boot.web.embedded.tomcat.TomcatWebServer(initialize:108) - Tomcat initialized with port(s): 8080 (http)
2022-11-23 21:29:24,028 [restartedMain] INFO  org.springframework.boot.web.servlet.context.ServletWebServerApplicationContext(prepareWebApplicationContext:290) - Root WebApplicationContext: initialization completed in 333 ms
2022-11-23 21:29:24,078 [restartedMain] INFO  org.springframework.orm.jpa.LocalContainerEntityManagerFactoryBean(buildNativeEntityManagerFactory:437) - Initialized JPA EntityManagerFactory for persistence unit 'default'
2022-11-23 21:29:24,206 [restartedMain] WARN  org.springframework.boot.autoconfigure.thymeleaf.ThymeleafAutoConfiguration$DefaultTemplateResolverConfiguration(checkTemplateLocationExists:106) - Cannot find template location: classpath:/templates/ (please add some templates or check your Thymeleaf configuration)
2022-11-23 21:29:24,250 [restartedMain] INFO  org.springframework.boot.devtools.autoconfigure.OptionalLiveReloadServer(startServer:58) - LiveReload server is running on port 35729
2022-11-23 21:29:24,265 [restartedMain] INFO  org.springframework.boot.web.embedded.tomcat.TomcatWebServer(start:220) - Tomcat started on port(s): 8080 (http) with context path ''
2022-11-23 21:29:24,270 [restartedMain] INFO  org.springframework.boot.devtools.autoconfigure.ConditionEvaluationDeltaLoggingListener(onApplicationEvent:63) - Condition evaluation unchanged
2022-11-23 21:29:32,005 [http-nio-8080-exec-2] INFO  org.springframework.web.servlet.DispatcherServlet(initServletBean:525) - Initializing Servlet 'dispatcherServlet'
2022-11-23 21:29:32,007 [http-nio-8080-exec-2] INFO  org.springframework.web.servlet.DispatcherServlet(initServletBean:547) - Completed initialization in 1 ms
2022-11-23 21:30:42,397 [Thread-47] INFO  org.springframework.orm.jpa.LocalContainerEntityManagerFactoryBean(destroy:651) - Closing JPA EntityManagerFactory for persistence unit 'default'
2022-11-23 21:30:42,500 [restartedMain] ERROR org.springframework.boot.context.logging.LoggingApplicationListener(lambda$getLogLevelConfigurer$2:396) - Cannot set level 'INFO' for 'null'
2022-11-23 21:30:42,728 [restartedMain] INFO  org.springframework.data.repository.config.RepositoryConfigurationDelegate(registerRepositoriesIn:132) - Bootstrapping Spring Data JPA repositories in DEFAULT mode.
2022-11-23 21:30:42,732 [restartedMain] INFO  org.springframework.data.repository.config.RepositoryConfigurationDelegate(registerRepositoriesIn:201) - Finished Spring Data repository scanning in 3 ms. Found 0 JPA repository interfaces.
2022-11-23 21:30:42,829 [restartedMain] INFO  org.springframework.boot.web.embedded.tomcat.TomcatWebServer(initialize:108) - Tomcat initialized with port(s): 8080 (http)
2022-11-23 21:30:42,858 [restartedMain] INFO  org.springframework.boot.web.servlet.context.ServletWebServerApplicationContext(prepareWebApplicationContext:290) - Root WebApplicationContext: initialization completed in 352 ms
2022-11-23 21:30:42,906 [restartedMain] INFO  org.springframework.orm.jpa.LocalContainerEntityManagerFactoryBean(buildNativeEntityManagerFactory:437) - Initialized JPA EntityManagerFactory for persistence unit 'default'
2022-11-23 21:30:43,020 [restartedMain] WARN  org.springframework.boot.autoconfigure.thymeleaf.ThymeleafAutoConfiguration$DefaultTemplateResolverConfiguration(checkTemplateLocationExists:106) - Cannot find template location: classpath:/templates/ (please add some templates or check your Thymeleaf configuration)
2022-11-23 21:30:43,075 [restartedMain] INFO  org.springframework.boot.devtools.autoconfigure.OptionalLiveReloadServer(startServer:58) - LiveReload server is running on port 35729
2022-11-23 21:30:43,090 [restartedMain] INFO  org.springframework.boot.web.embedded.tomcat.TomcatWebServer(start:220) - Tomcat started on port(s): 8080 (http) with context path ''
2022-11-23 21:30:43,096 [restartedMain] INFO  org.springframework.boot.devtools.autoconfigure.ConditionEvaluationDeltaLoggingListener(onApplicationEvent:63) - Condition evaluation unchanged
2022-11-23 21:34:10,792 [Thread-51] INFO  org.springframework.orm.jpa.LocalContainerEntityManagerFactoryBean(destroy:651) - Closing JPA EntityManagerFactory for persistence unit 'default'
2022-11-23 21:34:10,881 [restartedMain] ERROR org.springframework.boot.context.logging.LoggingApplicationListener(lambda$getLogLevelConfigurer$2:396) - Cannot set level 'INFO' for 'null'
2022-11-23 21:34:11,092 [restartedMain] INFO  org.springframework.data.repository.config.RepositoryConfigurationDelegate(registerRepositoriesIn:132) - Bootstrapping Spring Data JPA repositories in DEFAULT mode.
2022-11-23 21:34:11,095 [restartedMain] INFO  org.springframework.data.repository.config.RepositoryConfigurationDelegate(registerRepositoriesIn:201) - Finished Spring Data repository scanning in 3 ms. Found 0 JPA repository interfaces.
2022-11-23 21:34:11,190 [restartedMain] INFO  org.springframework.boot.web.embedded.tomcat.TomcatWebServer(initialize:108) - Tomcat initialized with port(s): 8080 (http)
2022-11-23 21:34:11,221 [restartedMain] INFO  org.springframework.boot.web.servlet.context.ServletWebServerApplicationContext(prepareWebApplicationContext:290) - Root WebApplicationContext: initialization completed in 335 ms
2022-11-23 21:34:11,271 [restartedMain] INFO  org.springframework.orm.jpa.LocalContainerEntityManagerFactoryBean(buildNativeEntityManagerFactory:437) - Initialized JPA EntityManagerFactory for persistence unit 'default'
2022-11-23 21:34:11,393 [restartedMain] WARN  org.springframework.boot.autoconfigure.thymeleaf.ThymeleafAutoConfiguration$DefaultTemplateResolverConfiguration(checkTemplateLocationExists:106) - Cannot find template location: classpath:/templates/ (please add some templates or check your Thymeleaf configuration)
2022-11-23 21:34:11,434 [restartedMain] INFO  org.springframework.boot.devtools.autoconfigure.OptionalLiveReloadServer(startServer:58) - LiveReload server is running on port 35729
2022-11-23 21:34:11,446 [restartedMain] INFO  org.springframework.boot.web.embedded.tomcat.TomcatWebServer(start:220) - Tomcat started on port(s): 8080 (http) with context path ''
2022-11-23 21:34:11,453 [restartedMain] INFO  org.springframework.boot.devtools.autoconfigure.ConditionEvaluationDeltaLoggingListener(onApplicationEvent:63) - Condition evaluation unchanged
2022-11-23 21:35:05,114 [Thread-55] INFO  org.springframework.orm.jpa.LocalContainerEntityManagerFactoryBean(destroy:651) - Closing JPA EntityManagerFactory for persistence unit 'default'
2022-11-23 21:35:05,209 [restartedMain] ERROR org.springframework.boot.context.logging.LoggingApplicationListener(lambda$getLogLevelConfigurer$2:396) - Cannot set level 'INFO' for 'null'
2022-11-23 21:35:05,410 [restartedMain] INFO  org.springframework.data.repository.config.RepositoryConfigurationDelegate(registerRepositoriesIn:132) - Bootstrapping Spring Data JPA repositories in DEFAULT mode.
2022-11-23 21:35:05,416 [restartedMain] INFO  org.springframework.data.repository.config.RepositoryConfigurationDelegate(registerRepositoriesIn:201) - Finished Spring Data repository scanning in 5 ms. Found 0 JPA repository interfaces.
2022-11-23 21:35:05,516 [restartedMain] INFO  org.springframework.boot.web.embedded.tomcat.TomcatWebServer(initialize:108) - Tomcat initialized with port(s): 8080 (http)
2022-11-23 21:35:05,545 [restartedMain] INFO  org.springframework.boot.web.servlet.context.ServletWebServerApplicationContext(prepareWebApplicationContext:290) - Root WebApplicationContext: initialization completed in 332 ms
2022-11-23 21:35:05,604 [restartedMain] INFO  org.springframework.orm.jpa.LocalContainerEntityManagerFactoryBean(buildNativeEntityManagerFactory:437) - Initialized JPA EntityManagerFactory for persistence unit 'default'
2022-11-23 21:35:05,730 [restartedMain] WARN  org.springframework.boot.autoconfigure.thymeleaf.ThymeleafAutoConfiguration$DefaultTemplateResolverConfiguration(checkTemplateLocationExists:106) - Cannot find template location: classpath:/templates/ (please add some templates or check your Thymeleaf configuration)
2022-11-23 21:35:05,783 [restartedMain] INFO  org.springframework.boot.devtools.autoconfigure.OptionalLiveReloadServer(startServer:58) - LiveReload server is running on port 35729
2022-11-23 21:35:05,798 [restartedMain] INFO  org.springframework.boot.web.embedded.tomcat.TomcatWebServer(start:220) - Tomcat started on port(s): 8080 (http) with context path ''
2022-11-23 21:35:05,803 [restartedMain] INFO  org.springframework.boot.devtools.autoconfigure.ConditionEvaluationDeltaLoggingListener(onApplicationEvent:63) - Condition evaluation unchanged
2022-11-23 21:37:29,242 [Thread-59] INFO  org.springframework.orm.jpa.LocalContainerEntityManagerFactoryBean(destroy:651) - Closing JPA EntityManagerFactory for persistence unit 'default'
2022-11-23 21:37:29,368 [restartedMain] ERROR org.springframework.boot.context.logging.LoggingApplicationListener(lambda$getLogLevelConfigurer$2:396) - Cannot set level 'INFO' for 'null'
2022-11-23 21:37:29,621 [restartedMain] INFO  org.springframework.data.repository.config.RepositoryConfigurationDelegate(registerRepositoriesIn:132) - Bootstrapping Spring Data JPA repositories in DEFAULT mode.
2022-11-23 21:37:29,625 [restartedMain] INFO  org.springframework.data.repository.config.RepositoryConfigurationDelegate(registerRepositoriesIn:201) - Finished Spring Data repository scanning in 3 ms. Found 0 JPA repository interfaces.
2022-11-23 21:37:29,754 [restartedMain] INFO  org.springframework.boot.web.embedded.tomcat.TomcatWebServer(initialize:108) - Tomcat initialized with port(s): 8080 (http)
2022-11-23 21:37:29,778 [restartedMain] INFO  org.springframework.boot.web.servlet.context.ServletWebServerApplicationContext(prepareWebApplicationContext:290) - Root WebApplicationContext: initialization completed in 401 ms
2022-11-23 21:37:29,834 [restartedMain] INFO  org.springframework.orm.jpa.LocalContainerEntityManagerFactoryBean(buildNativeEntityManagerFactory:437) - Initialized JPA EntityManagerFactory for persistence unit 'default'
2022-11-23 21:37:29,957 [restartedMain] WARN  org.springframework.boot.autoconfigure.thymeleaf.ThymeleafAutoConfiguration$DefaultTemplateResolverConfiguration(checkTemplateLocationExists:106) - Cannot find template location: classpath:/templates/ (please add some templates or check your Thymeleaf configuration)
2022-11-23 21:37:30,004 [restartedMain] INFO  org.springframework.boot.devtools.autoconfigure.OptionalLiveReloadServer(startServer:58) - LiveReload server is running on port 35729
2022-11-23 21:37:30,017 [restartedMain] INFO  org.springframework.boot.web.embedded.tomcat.TomcatWebServer(start:220) - Tomcat started on port(s): 8080 (http) with context path ''
2022-11-23 21:37:30,024 [restartedMain] INFO  org.springframework.boot.devtools.autoconfigure.ConditionEvaluationDeltaLoggingListener(onApplicationEvent:63) - Condition evaluation unchanged
2022-11-23 21:37:43,748 [Thread-63] INFO  org.springframework.orm.jpa.LocalContainerEntityManagerFactoryBean(destroy:651) - Closing JPA EntityManagerFactory for persistence unit 'default'
2022-11-23 21:37:43,855 [restartedMain] ERROR org.springframework.boot.context.logging.LoggingApplicationListener(lambda$getLogLevelConfigurer$2:396) - Cannot set level 'INFO' for 'null'
2022-11-23 21:37:44,078 [restartedMain] INFO  org.springframework.data.repository.config.RepositoryConfigurationDelegate(registerRepositoriesIn:132) - Bootstrapping Spring Data JPA repositories in DEFAULT mode.
2022-11-23 21:37:44,081 [restartedMain] INFO  org.springframework.data.repository.config.RepositoryConfigurationDelegate(registerRepositoriesIn:201) - Finished Spring Data repository scanning in 3 ms. Found 0 JPA repository interfaces.
2022-11-23 21:37:44,209 [restartedMain] INFO  org.springframework.boot.web.embedded.tomcat.TomcatWebServer(initialize:108) - Tomcat initialized with port(s): 8080 (http)
2022-11-23 21:37:44,243 [restartedMain] INFO  org.springframework.boot.web.servlet.context.ServletWebServerApplicationContext(prepareWebApplicationContext:290) - Root WebApplicationContext: initialization completed in 382 ms
2022-11-23 21:37:44,309 [restartedMain] INFO  org.springframework.orm.jpa.LocalContainerEntityManagerFactoryBean(buildNativeEntityManagerFactory:437) - Initialized JPA EntityManagerFactory for persistence unit 'default'
2022-11-23 21:37:44,494 [restartedMain] WARN  org.springframework.boot.autoconfigure.thymeleaf.ThymeleafAutoConfiguration$DefaultTemplateResolverConfiguration(checkTemplateLocationExists:106) - Cannot find template location: classpath:/templates/ (please add some templates or check your Thymeleaf configuration)
2022-11-23 21:37:44,571 [restartedMain] INFO  org.springframework.boot.devtools.autoconfigure.OptionalLiveReloadServer(startServer:58) - LiveReload server is running on port 35729
2022-11-23 21:37:44,592 [restartedMain] INFO  org.springframework.boot.web.embedded.tomcat.TomcatWebServer(start:220) - Tomcat started on port(s): 8080 (http) with context path ''
2022-11-23 21:37:44,600 [restartedMain] INFO  org.springframework.boot.devtools.autoconfigure.ConditionEvaluationDeltaLoggingListener(onApplicationEvent:63) - Condition evaluation unchanged
2022-11-23 21:38:24,847 [Thread-67] INFO  org.springframework.orm.jpa.LocalContainerEntityManagerFactoryBean(destroy:651) - Closing JPA EntityManagerFactory for persistence unit 'default'
2022-11-23 21:38:24,938 [restartedMain] ERROR org.springframework.boot.context.logging.LoggingApplicationListener(lambda$getLogLevelConfigurer$2:396) - Cannot set level 'INFO' for 'null'
2022-11-23 21:38:25,144 [restartedMain] INFO  org.springframework.data.repository.config.RepositoryConfigurationDelegate(registerRepositoriesIn:132) - Bootstrapping Spring Data JPA repositories in DEFAULT mode.
2022-11-23 21:38:25,150 [restartedMain] INFO  org.springframework.data.repository.config.RepositoryConfigurationDelegate(registerRepositoriesIn:201) - Finished Spring Data repository scanning in 5 ms. Found 0 JPA repository interfaces.
2022-11-23 21:38:25,248 [restartedMain] INFO  org.springframework.boot.web.embedded.tomcat.TomcatWebServer(initialize:108) - Tomcat initialized with port(s): 8080 (http)
2022-11-23 21:38:25,272 [restartedMain] INFO  org.springframework.boot.web.servlet.context.ServletWebServerApplicationContext(prepareWebApplicationContext:290) - Root WebApplicationContext: initialization completed in 329 ms
2022-11-23 21:38:25,326 [restartedMain] INFO  org.springframework.orm.jpa.LocalContainerEntityManagerFactoryBean(buildNativeEntityManagerFactory:437) - Initialized JPA EntityManagerFactory for persistence unit 'default'
2022-11-23 21:38:25,448 [restartedMain] WARN  org.springframework.boot.autoconfigure.thymeleaf.ThymeleafAutoConfiguration$DefaultTemplateResolverConfiguration(checkTemplateLocationExists:106) - Cannot find template location: classpath:/templates/ (please add some templates or check your Thymeleaf configuration)
2022-11-23 21:38:25,489 [restartedMain] INFO  org.springframework.boot.devtools.autoconfigure.OptionalLiveReloadServer(startServer:58) - LiveReload server is running on port 35729
2022-11-23 21:38:25,500 [restartedMain] INFO  org.springframework.boot.web.embedded.tomcat.TomcatWebServer(start:220) - Tomcat started on port(s): 8080 (http) with context path ''
2022-11-23 21:38:25,507 [restartedMain] INFO  org.springframework.boot.devtools.autoconfigure.ConditionEvaluationDeltaLoggingListener(onApplicationEvent:63) - Condition evaluation unchanged
2022-11-23 21:42:24,065 [Thread-71] INFO  org.springframework.orm.jpa.LocalContainerEntityManagerFactoryBean(destroy:651) - Closing JPA EntityManagerFactory for persistence unit 'default'
2022-11-23 21:42:24,179 [restartedMain] ERROR org.springframework.boot.context.logging.LoggingApplicationListener(lambda$getLogLevelConfigurer$2:396) - Cannot set level 'INFO' for 'null'
2022-11-23 21:42:24,431 [restartedMain] INFO  org.springframework.data.repository.config.RepositoryConfigurationDelegate(registerRepositoriesIn:132) - Bootstrapping Spring Data JPA repositories in DEFAULT mode.
2022-11-23 21:42:24,436 [restartedMain] INFO  org.springframework.data.repository.config.RepositoryConfigurationDelegate(registerRepositoriesIn:201) - Finished Spring Data repository scanning in 3 ms. Found 0 JPA repository interfaces.
2022-11-23 21:42:24,541 [restartedMain] INFO  org.springframework.boot.web.embedded.tomcat.TomcatWebServer(initialize:108) - Tomcat initialized with port(s): 8080 (http)
2022-11-23 21:42:24,568 [restartedMain] INFO  org.springframework.boot.web.servlet.context.ServletWebServerApplicationContext(prepareWebApplicationContext:290) - Root WebApplicationContext: initialization completed in 384 ms
2022-11-23 21:42:24,617 [restartedMain] INFO  org.springframework.orm.jpa.LocalContainerEntityManagerFactoryBean(buildNativeEntityManagerFactory:437) - Initialized JPA EntityManagerFactory for persistence unit 'default'
2022-11-23 21:42:24,739 [restartedMain] WARN  org.springframework.boot.autoconfigure.thymeleaf.ThymeleafAutoConfiguration$DefaultTemplateResolverConfiguration(checkTemplateLocationExists:106) - Cannot find template location: classpath:/templates/ (please add some templates or check your Thymeleaf configuration)
2022-11-23 21:42:24,780 [restartedMain] INFO  org.springframework.boot.devtools.autoconfigure.OptionalLiveReloadServer(startServer:58) - LiveReload server is running on port 35729
2022-11-23 21:42:24,793 [restartedMain] INFO  org.springframework.boot.web.embedded.tomcat.TomcatWebServer(start:220) - Tomcat started on port(s): 8080 (http) with context path ''
2022-11-23 21:42:24,800 [restartedMain] INFO  org.springframework.boot.devtools.autoconfigure.ConditionEvaluationDeltaLoggingListener(onApplicationEvent:63) - Condition evaluation unchanged
2022-11-23 21:42:56,862 [Thread-75] INFO  org.springframework.orm.jpa.LocalContainerEntityManagerFactoryBean(destroy:651) - Closing JPA EntityManagerFactory for persistence unit 'default'
2022-11-23 21:42:56,961 [restartedMain] ERROR org.springframework.boot.context.logging.LoggingApplicationListener(lambda$getLogLevelConfigurer$2:396) - Cannot set level 'INFO' for 'null'
2022-11-23 21:42:57,172 [restartedMain] INFO  org.springframework.data.repository.config.RepositoryConfigurationDelegate(registerRepositoriesIn:132) - Bootstrapping Spring Data JPA repositories in DEFAULT mode.
2022-11-23 21:42:57,176 [restartedMain] INFO  org.springframework.data.repository.config.RepositoryConfigurationDelegate(registerRepositoriesIn:201) - Finished Spring Data repository scanning in 3 ms. Found 0 JPA repository interfaces.
2022-11-23 21:42:57,274 [restartedMain] INFO  org.springframework.boot.web.embedded.tomcat.TomcatWebServer(initialize:108) - Tomcat initialized with port(s): 8080 (http)
2022-11-23 21:42:57,301 [restartedMain] INFO  org.springframework.boot.web.servlet.context.ServletWebServerApplicationContext(prepareWebApplicationContext:290) - Root WebApplicationContext: initialization completed in 332 ms
2022-11-23 21:42:57,350 [restartedMain] INFO  org.springframework.orm.jpa.LocalContainerEntityManagerFactoryBean(buildNativeEntityManagerFactory:437) - Initialized JPA EntityManagerFactory for persistence unit 'default'
2022-11-23 21:42:57,476 [restartedMain] WARN  org.springframework.boot.autoconfigure.thymeleaf.ThymeleafAutoConfiguration$DefaultTemplateResolverConfiguration(checkTemplateLocationExists:106) - Cannot find template location: classpath:/templates/ (please add some templates or check your Thymeleaf configuration)
2022-11-23 21:42:57,521 [restartedMain] INFO  org.springframework.boot.devtools.autoconfigure.OptionalLiveReloadServer(startServer:58) - LiveReload server is running on port 35729
2022-11-23 21:42:57,536 [restartedMain] INFO  org.springframework.boot.web.embedded.tomcat.TomcatWebServer(start:220) - Tomcat started on port(s): 8080 (http) with context path ''
2022-11-23 21:42:57,544 [restartedMain] INFO  org.springframework.boot.devtools.autoconfigure.ConditionEvaluationDeltaLoggingListener(onApplicationEvent:63) - Condition evaluation unchanged
2022-11-23 21:46:11,074 [Thread-79] INFO  org.springframework.orm.jpa.LocalContainerEntityManagerFactoryBean(destroy:651) - Closing JPA EntityManagerFactory for persistence unit 'default'
2022-11-23 21:46:11,169 [restartedMain] ERROR org.springframework.boot.context.logging.LoggingApplicationListener(lambda$getLogLevelConfigurer$2:396) - Cannot set level 'INFO' for 'null'
2022-11-23 21:46:11,379 [restartedMain] INFO  org.springframework.data.repository.config.RepositoryConfigurationDelegate(registerRepositoriesIn:132) - Bootstrapping Spring Data JPA repositories in DEFAULT mode.
2022-11-23 21:46:11,383 [restartedMain] INFO  org.springframework.data.repository.config.RepositoryConfigurationDelegate(registerRepositoriesIn:201) - Finished Spring Data repository scanning in 3 ms. Found 0 JPA repository interfaces.
2022-11-23 21:46:11,479 [restartedMain] INFO  org.springframework.boot.web.embedded.tomcat.TomcatWebServer(initialize:108) - Tomcat initialized with port(s): 8080 (http)
2022-11-23 21:46:11,522 [restartedMain] INFO  org.springframework.boot.web.servlet.context.ServletWebServerApplicationContext(prepareWebApplicationContext:290) - Root WebApplicationContext: initialization completed in 345 ms
2022-11-23 21:46:11,580 [restartedMain] INFO  org.springframework.orm.jpa.LocalContainerEntityManagerFactoryBean(buildNativeEntityManagerFactory:437) - Initialized JPA EntityManagerFactory for persistence unit 'default'
2022-11-23 21:46:11,704 [restartedMain] WARN  org.springframework.boot.autoconfigure.thymeleaf.ThymeleafAutoConfiguration$DefaultTemplateResolverConfiguration(checkTemplateLocationExists:106) - Cannot find template location: classpath:/templates/ (please add some templates or check your Thymeleaf configuration)
2022-11-23 21:46:11,751 [restartedMain] INFO  org.springframework.boot.devtools.autoconfigure.OptionalLiveReloadServer(startServer:58) - LiveReload server is running on port 35729
2022-11-23 21:46:11,768 [restartedMain] INFO  org.springframework.boot.web.embedded.tomcat.TomcatWebServer(start:220) - Tomcat started on port(s): 8080 (http) with context path ''
2022-11-23 21:46:11,774 [restartedMain] INFO  org.springframework.boot.devtools.autoconfigure.ConditionEvaluationDeltaLoggingListener(onApplicationEvent:63) - Condition evaluation unchanged
2022-11-23 21:46:33,281 [http-nio-8080-exec-1] INFO  org.springframework.web.servlet.DispatcherServlet(initServletBean:525) - Initializing Servlet 'dispatcherServlet'
2022-11-23 21:46:33,282 [http-nio-8080-exec-1] INFO  org.springframework.web.servlet.DispatcherServlet(initServletBean:547) - Completed initialization in 1 ms
2022-11-23 21:47:44,235 [Thread-83] INFO  org.springframework.orm.jpa.LocalContainerEntityManagerFactoryBean(destroy:651) - Closing JPA EntityManagerFactory for persistence unit 'default'
2022-11-23 21:47:44,328 [restartedMain] ERROR org.springframework.boot.context.logging.LoggingApplicationListener(lambda$getLogLevelConfigurer$2:396) - Cannot set level 'INFO' for 'null'
2022-11-23 21:47:44,543 [restartedMain] INFO  org.springframework.data.repository.config.RepositoryConfigurationDelegate(registerRepositoriesIn:132) - Bootstrapping Spring Data JPA repositories in DEFAULT mode.
2022-11-23 21:47:44,547 [restartedMain] INFO  org.springframework.data.repository.config.RepositoryConfigurationDelegate(registerRepositoriesIn:201) - Finished Spring Data repository scanning in 3 ms. Found 0 JPA repository interfaces.
2022-11-23 21:47:44,644 [restartedMain] INFO  org.springframework.boot.web.embedded.tomcat.TomcatWebServer(initialize:108) - Tomcat initialized with port(s): 8080 (http)
2022-11-23 21:47:44,673 [restartedMain] INFO  org.springframework.boot.web.servlet.context.ServletWebServerApplicationContext(prepareWebApplicationContext:290) - Root WebApplicationContext: initialization completed in 340 ms
2022-11-23 21:47:44,728 [restartedMain] INFO  org.springframework.orm.jpa.LocalContainerEntityManagerFactoryBean(buildNativeEntityManagerFactory:437) - Initialized JPA EntityManagerFactory for persistence unit 'default'
2022-11-23 21:47:44,855 [restartedMain] WARN  org.springframework.boot.autoconfigure.thymeleaf.ThymeleafAutoConfiguration$DefaultTemplateResolverConfiguration(checkTemplateLocationExists:106) - Cannot find template location: classpath:/templates/ (please add some templates or check your Thymeleaf configuration)
2022-11-23 21:47:44,896 [restartedMain] INFO  org.springframework.boot.devtools.autoconfigure.OptionalLiveReloadServer(startServer:58) - LiveReload server is running on port 35729
2022-11-23 21:47:44,908 [restartedMain] INFO  org.springframework.boot.web.embedded.tomcat.TomcatWebServer(start:220) - Tomcat started on port(s): 8080 (http) with context path ''
2022-11-23 21:47:44,914 [restartedMain] INFO  org.springframework.boot.devtools.autoconfigure.ConditionEvaluationDeltaLoggingListener(onApplicationEvent:63) - Condition evaluation unchanged
2022-11-23 21:47:49,866 [http-nio-8080-exec-1] INFO  org.springframework.web.servlet.DispatcherServlet(initServletBean:525) - Initializing Servlet 'dispatcherServlet'
2022-11-23 21:47:49,867 [http-nio-8080-exec-1] INFO  org.springframework.web.servlet.DispatcherServlet(initServletBean:547) - Completed initialization in 1 ms
2022-11-23 21:49:31,715 [Thread-87] INFO  org.springframework.orm.jpa.LocalContainerEntityManagerFactoryBean(destroy:651) - Closing JPA EntityManagerFactory for persistence unit 'default'
2022-11-23 21:49:31,803 [restartedMain] ERROR org.springframework.boot.context.logging.LoggingApplicationListener(lambda$getLogLevelConfigurer$2:396) - Cannot set level 'INFO' for 'null'
2022-11-23 21:49:32,012 [restartedMain] INFO  org.springframework.data.repository.config.RepositoryConfigurationDelegate(registerRepositoriesIn:132) - Bootstrapping Spring Data JPA repositories in DEFAULT mode.
2022-11-23 21:49:32,016 [restartedMain] INFO  org.springframework.data.repository.config.RepositoryConfigurationDelegate(registerRepositoriesIn:201) - Finished Spring Data repository scanning in 3 ms. Found 0 JPA repository interfaces.
2022-11-23 21:49:32,113 [restartedMain] INFO  org.springframework.boot.web.embedded.tomcat.TomcatWebServer(initialize:108) - Tomcat initialized with port(s): 8080 (http)
2022-11-23 21:49:32,144 [restartedMain] INFO  org.springframework.boot.web.servlet.context.ServletWebServerApplicationContext(prepareWebApplicationContext:290) - Root WebApplicationContext: initialization completed in 336 ms
2022-11-23 21:49:32,202 [restartedMain] INFO  org.springframework.orm.jpa.LocalContainerEntityManagerFactoryBean(buildNativeEntityManagerFactory:437) - Initialized JPA EntityManagerFactory for persistence unit 'default'
2022-11-23 21:49:32,321 [restartedMain] WARN  org.springframework.boot.autoconfigure.thymeleaf.ThymeleafAutoConfiguration$DefaultTemplateResolverConfiguration(checkTemplateLocationExists:106) - Cannot find template location: classpath:/templates/ (please add some templates or check your Thymeleaf configuration)
2022-11-23 21:49:32,361 [restartedMain] INFO  org.springframework.boot.devtools.autoconfigure.OptionalLiveReloadServer(startServer:58) - LiveReload server is running on port 35729
2022-11-23 21:49:32,374 [restartedMain] INFO  org.springframework.boot.web.embedded.tomcat.TomcatWebServer(start:220) - Tomcat started on port(s): 8080 (http) with context path ''
2022-11-23 21:49:32,382 [restartedMain] INFO  org.springframework.boot.devtools.autoconfigure.ConditionEvaluationDeltaLoggingListener(onApplicationEvent:63) - Condition evaluation unchanged
2022-11-23 21:49:48,147 [Thread-91] INFO  org.springframework.orm.jpa.LocalContainerEntityManagerFactoryBean(destroy:651) - Closing JPA EntityManagerFactory for persistence unit 'default'
2022-11-23 21:49:48,255 [restartedMain] ERROR org.springframework.boot.context.logging.LoggingApplicationListener(lambda$getLogLevelConfigurer$2:396) - Cannot set level 'INFO' for 'null'
2022-11-23 21:49:48,475 [restartedMain] INFO  org.springframework.data.repository.config.RepositoryConfigurationDelegate(registerRepositoriesIn:132) - Bootstrapping Spring Data JPA repositories in DEFAULT mode.
2022-11-23 21:49:48,482 [restartedMain] INFO  org.springframework.data.repository.config.RepositoryConfigurationDelegate(registerRepositoriesIn:201) - Finished Spring Data repository scanning in 6 ms. Found 0 JPA repository interfaces.
2022-11-23 21:49:48,578 [restartedMain] INFO  org.springframework.boot.web.embedded.tomcat.TomcatWebServer(initialize:108) - Tomcat initialized with port(s): 8080 (http)
2022-11-23 21:49:48,603 [restartedMain] INFO  org.springframework.boot.web.servlet.context.ServletWebServerApplicationContext(prepareWebApplicationContext:290) - Root WebApplicationContext: initialization completed in 343 ms
2022-11-23 21:49:48,651 [restartedMain] INFO  org.springframework.orm.jpa.LocalContainerEntityManagerFactoryBean(buildNativeEntityManagerFactory:437) - Initialized JPA EntityManagerFactory for persistence unit 'default'
2022-11-23 21:49:48,915 [restartedMain] WARN  org.springframework.boot.autoconfigure.thymeleaf.ThymeleafAutoConfiguration$DefaultTemplateResolverConfiguration(checkTemplateLocationExists:106) - Cannot find template location: classpath:/templates/ (please add some templates or check your Thymeleaf configuration)
2022-11-23 21:49:49,016 [restartedMain] INFO  org.springframework.boot.devtools.autoconfigure.OptionalLiveReloadServer(startServer:58) - LiveReload server is running on port 35729
2022-11-23 21:49:49,036 [restartedMain] INFO  org.springframework.boot.web.embedded.tomcat.TomcatWebServer(start:220) - Tomcat started on port(s): 8080 (http) with context path ''
2022-11-23 21:49:49,045 [restartedMain] INFO  org.springframework.boot.devtools.autoconfigure.ConditionEvaluationDeltaLoggingListener(onApplicationEvent:63) - Condition evaluation unchanged
2022-11-23 21:49:51,038 [http-nio-8080-exec-1] INFO  org.springframework.web.servlet.DispatcherServlet(initServletBean:525) - Initializing Servlet 'dispatcherServlet'
2022-11-23 21:49:51,039 [http-nio-8080-exec-1] INFO  org.springframework.web.servlet.DispatcherServlet(initServletBean:547) - Completed initialization in 1 ms
